2015-06-30 08:54:37	<?xml version="1.0" encoding="utf-8" ?><error_response><code>15</code><msg>Remote service error</msg><sub_code>isv.logistics-update-company-or-mailno-error:P07</sub_code><sub_msg>未作修改</sub_msg><request_id>10fic0k1p1f3g</request_id></error_response><!--top010178081114.n.et2-->
2015-06-30 08:54:41	<?xml version="1.0" encoding="utf-8" ?><error_response><code>15</code><msg>Remote service error</msg><sub_code>isv.logistics-update-company-or-mailno-error:P07</sub_code><sub_msg>未作修改</sub_msg><request_id>zde3522ofiwc</request_id></error_response><!--top010178019142.n.et2-->
2015-06-30 08:54:48	<?xml version="1.0" encoding="utf-8" ?><error_response><code>15</code><msg>Remote service error</msg><sub_code>isv.logistics-update-company-or-mailno-error:P07</sub_code><sub_msg>未作修改</sub_msg><request_id>ze1k3to6113y</request_id></error_response><!--top010178020157.n.et2-->
2015-06-30 11:44:44	<?xml version="1.0" encoding="utf-8" ?><error_response><code>15</code><msg>Remote service error</msg><sub_code>isv.logistics-update-company-or-mailno-error:P07</sub_code><sub_msg>未作修改</sub_msg><request_id>12l8s96eh6grz</request_id></error_response><!--top010178207169.n.et2-->
2015-06-30 11:45:04	<?xml version="1.0" encoding="utf-8" ?><error_response><code>15</code><msg>Remote service error</msg><sub_code>isv.logistics-update-company-or-mailno-error:P07</sub_code><sub_msg>未作修改</sub_msg><request_id>1476clsckh1zn</request_id></error_response><!--top010179045185.s.et2-->
2015-06-30 11:45:06	<?xml version="1.0" encoding="utf-8" ?><error_response><code>15</code><msg>Remote service error</msg><sub_code>isv.logistics-update-company-or-mailno-error:P07</sub_code><sub_msg>未作修改</sub_msg><request_id>ze2faf66bv4d</request_id></error_response><!--top010178020167.n.et2-->
2015-06-30 11:45:25	<?xml version="1.0" encoding="utf-8" ?><error_response><code>15</code><msg>Remote service error</msg><sub_code>isv.logistics-update-company-or-mailno-error:P07</sub_code><sub_msg>未作修改</sub_msg><request_id>12lru7dof94co</request_id></error_response><!--top010178208133.n.et2-->
2015-06-30 14:12:15	<?xml version="1.0" encoding="utf-8" ?><error_response><code>15</code><msg>Remote service error</msg><sub_code>isv.trade-not-exist</sub_code><sub_msg>订单不存在：1108887542665476</sub_msg><request_id>zt96xvj1ea07</request_id></error_response><!--top010178045080.n.et2-->
2015-06-30 14:16:23	<?xml version="1.0" encoding="utf-8" ?><error_response><code>15</code><msg>Remote service error</msg><sub_code>isv.logistics-update-company-or-mailno-error:P07</sub_code><sub_msg>未作修改</sub_msg><request_id>14sqdhdzpkdvc</request_id></error_response><!--top010179080185.s.et2-->
2015-06-30 14:17:05	<?xml version="1.0" encoding="utf-8" ?><error_response><code>15</code><msg>Remote service error</msg><sub_code>isv.logistics-update-company-or-mailno-error:P07</sub_code><sub_msg>未作修改</sub_msg><request_id>10feclh5phbty</request_id></error_response><!--top010178081068.n.et2-->
2015-06-30 14:17:14	<?xml version="1.0" encoding="utf-8" ?><error_response><code>15</code><msg>Remote service error</msg><sub_code>isv.logistics-update-company-or-mailno-error:P07</sub_code><sub_msg>未作修改</sub_msg><request_id>10ewurpjydjfh</request_id></error_response><!--top010178080122.n.et2-->
2015-06-30 14:18:33	<?xml version="1.0" encoding="utf-8" ?><error_response><code>15</code><msg>Remote service error</msg><sub_code>isv.trade-not-exist</sub_code><sub_msg>订单不存在：1114719524231211</sub_msg><request_id>1475x0oc1k0t8</request_id></error_response><!--top010179045180.s.et2-->
2015-06-30 14:41:47	<?xml version="1.0" encoding="utf-8" ?><error_response><code>15</code><msg>Remote service error</msg><sub_code>isv.trade-not-exist</sub_code><sub_msg>订单不存在：1115243612884021</sub_msg><request_id>10fkbqhu9ho2s</request_id></error_response><!--top010178081137.n.et2-->
2015-06-30 17:34:22	<?xml version="1.0" encoding="utf-8" ?><error_response><code>15</code><msg>Remote service error</msg><sub_code>isv.logistics-update-company-or-mailno-error:P07</sub_code><sub_msg>未作修改</sub_msg><request_id>147639blln455</request_id></error_response><!--top010179045182.s.et2-->
2015-06-30 17:34:30	<?xml version="1.0" encoding="utf-8" ?><error_response><code>15</code><msg>Remote service error</msg><sub_code>isv.logistics-update-company-or-mailno-error:P07</sub_code><sub_msg>未作修改</sub_msg><request_id>14sqadapputho</request_id></error_response><!--top010179080184.s.et2-->
2015-06-30 17:34:42	<?xml version="1.0" encoding="utf-8" ?><error_response><code>15</code><msg>Remote service error</msg><sub_code>isv.logistics-update-company-or-mailno-error:P07</sub_code><sub_msg>未作修改</sub_msg><request_id>15q88rrjkcy0g</request_id></error_response><!--top010179135028.s.et2-->
2015-06-30 17:35:41	<?xml version="1.0" encoding="utf-8" ?><error_response><code>15</code><msg>Remote service error</msg><sub_code>isv.logistics-update-company-or-mailno-error:P07</sub_code><sub_msg>未作修改</sub_msg><request_id>10wjj59qyz049</request_id></error_response><!--top010178109026.n.et2-->
2015-06-30 17:36:02	<?xml version="1.0" encoding="utf-8" ?><error_response><code>15</code><msg>Remote service error</msg><sub_code>isv.logistics-update-company-or-mailno-error:P07</sub_code><sub_msg>未作修改</sub_msg><request_id>r4kc4q6grk91</request_id></error_response><!--top010176049156.et2-->
2015-06-30 17:39:58	<?xml version="1.0" encoding="utf-8" ?><error_response><code>15</code><msg>Remote service error</msg><sub_code>isv.logistics-update-company-or-mailno-error:P07</sub_code><sub_msg>未作修改</sub_msg><request_id>12l7tyqv68o3d</request_id></error_response><!--top010178207158.n.et2-->
2015-06-30 17:41:14	<?xml version="1.0" encoding="utf-8" ?><error_response><code>15</code><msg>Remote service error</msg><sub_code>isv.logistics-update-company-or-mailno-error:P07</sub_code><sub_msg>未作修改</sub_msg><request_id>r4lq0o8hmuod</request_id></error_response><!--top010176049172.et2-->
2015-06-30 17:55:02	<?xml version="1.0" encoding="utf-8" ?><error_response><code>15</code><msg>Remote service error</msg><sub_code>isv.logistics-update-company-or-mailno-error:P07</sub_code><sub_msg>未作修改</sub_msg><request_id>14pdal4t99g2i</request_id></error_response><!--top010179075067.s.et2-->
2015-06-30 17:55:07	<?xml version="1.0" encoding="utf-8" ?><error_response><code>15</code><msg>Remote service error</msg><sub_code>isv.logistics-update-company-or-mailno-error:P07</sub_code><sub_msg>未作修改</sub_msg><request_id>zq93qkvcrglf</request_id></error_response><!--top010178040112.n.et2-->
2015-06-30 17:55:07	<?xml version="1.0" encoding="utf-8" ?><error_response><code>15</code><msg>Remote service error</msg><sub_code>isv.logistics-update-company-or-mailno-error:P07</sub_code><sub_msg>未作修改</sub_msg><request_id>zq8r9le64ovx</request_id></error_response><!--top010178040108.n.et2-->
2015-06-30 17:55:17	<?xml version="1.0" encoding="utf-8" ?><error_response><code>15</code><msg>Remote service error</msg><sub_code>isv.logistics-update-company-or-mailno-error:P07</sub_code><sub_msg>未作修改</sub_msg><request_id>ztbcw7k2p7z3</request_id></error_response><!--top010178045105.n.et2-->
2015-06-30 17:56:34	<?xml version="1.0" encoding="utf-8" ?><error_response><code>15</code><msg>Remote service error</msg><sub_code>isv.logistics-update-company-or-mailno-error:P07</sub_code><sub_msg>未作修改</sub_msg><request_id>10fbxar0f4he3</request_id></error_response><!--top010178081040.n.et2-->
2015-06-30 18:16:16	<?xml version="1.0" encoding="utf-8" ?><error_response><code>15</code><msg>Remote service error</msg><sub_code>isv.logistics-update-company-or-mailno-error:P07</sub_code><sub_msg>未作修改</sub_msg><request_id>zde01920fsvc</request_id></error_response><!--top010178019141.n.et2-->
2015-06-30 18:17:18	<?xml version="1.0" encoding="utf-8" ?><error_response><code>15</code><msg>Remote service error</msg><sub_code>isv.logistics-update-company-or-mailno-error:P07</sub_code><sub_msg>未作修改</sub_msg><request_id>zqbvihbdv8ed</request_id></error_response><!--top010178040144.n.et2-->
