2015-06-16 10:18:07	<?xml version="1.0" encoding="utf-8" ?><error_response><code>15</code><msg>Remote service error</msg><sub_code>isv.logistics-update-company-or-mailno-error:P07</sub_code><sub_msg>未作修改</sub_msg><request_id>15q0cl73a0nf1</request_id></error_response><!--top010179134192.s.et2-->
2015-06-16 10:18:18	<?xml version="1.0" encoding="utf-8" ?><error_response><code>15</code><msg>Remote service error</msg><sub_code>isv.logistics-update-company-or-mailno-error:P07</sub_code><sub_msg>未作修改</sub_msg><request_id>ze1msbvmodw2</request_id></error_response><!--top010178020157.n.et2-->
2015-06-16 10:26:56	<?xml version="1.0" encoding="utf-8" ?><error_response><code>15</code><msg>Remote service error</msg><sub_code>isv.logistics-update-company-or-mailno-error:P07</sub_code><sub_msg>未作修改</sub_msg><request_id>10fcv5av4kc28</request_id></error_response><!--top010178081050.n.et2-->
2015-06-16 10:27:29	<?xml version="1.0" encoding="utf-8" ?><error_response><code>15</code><msg>Remote service error</msg><sub_code>isv.logistics-update-company-or-mailno-error:P07</sub_code><sub_msg>未作修改</sub_msg><request_id>10fir61zuox2h</request_id></error_response><!--top010178081118.n.et2-->
2015-06-16 14:22:35	<?xml version="1.0" encoding="utf-8" ?><error_response><code>15</code><msg>Remote service error</msg><sub_code>isv.logistics-offline-service-error:CONSIGN_FAIL</sub_code><request_id>15pzhexapneij</request_id></error_response><!--top010179134182.s.et2-->
2015-06-16 14:22:39	<?xml version="1.0" encoding="utf-8" ?><error_response><code>15</code><msg>Remote service error</msg><sub_code>isv.trade-not-exist</sub_code><sub_msg>订单不存在：2015061555303</sub_msg><request_id>10fcv5hin5ah7</request_id></error_response><!--top010178081050.n.et2-->
2015-06-16 14:33:15	<?xml version="1.0" encoding="utf-8" ?><error_response><code>15</code><msg>Remote service error</msg><sub_code>isv.logistics-update-company-or-mailno-error:P07</sub_code><sub_msg>未作修改</sub_msg><request_id>zddzl9qpp56q</request_id></error_response><!--top010178019140.n.et2-->
2015-06-16 14:38:33	<?xml version="1.0" encoding="utf-8" ?><error_response><code>15</code><msg>Remote service error</msg><sub_code>isv.logistics-update-company-or-mailno-error:P07</sub_code><sub_msg>未作修改</sub_msg><request_id>15q0vavnowi7l</request_id></error_response><!--top010179134198.s.et2-->
2015-06-16 14:42:31	<?xml version="1.0" encoding="utf-8" ?><error_response><code>15</code><msg>Remote service error</msg><sub_code>isv.logistics-update-company-or-mailno-error:P07</sub_code><sub_msg>未作修改</sub_msg><request_id>1475wkvzpajnl</request_id></error_response><!--top010179045179.s.et2-->
2015-06-16 14:43:22	<?xml version="1.0" encoding="utf-8" ?><error_response><code>15</code><msg>Remote service error</msg><sub_code>isv.trade-not-exist</sub_code><sub_msg>订单不存在：967488528933565</sub_msg><request_id>zt8qwv1htcir</request_id></error_response><!--top010178045074.n.et2-->
2015-06-16 15:12:22	<?xml version="1.0" encoding="utf-8" ?><error_response><code>15</code><msg>Remote service error</msg><sub_code>isv.logistics-update-company-or-mailno-error:P07</sub_code><sub_msg>未作修改</sub_msg><request_id>14pda577aia5w</request_id></error_response><!--top010179075066.s.et2-->
2015-06-16 15:12:31	<?xml version="1.0" encoding="utf-8" ?><error_response><code>15</code><msg>Remote service error</msg><sub_code>isv.logistics-update-company-or-mailno-error:P07</sub_code><sub_msg>未作修改</sub_msg><request_id>10fibl1ozrksy</request_id></error_response><!--top010178081113.n.et2-->
2015-06-16 15:45:21	<?xml version="1.0" encoding="utf-8" ?><error_response><code>15</code><msg>Remote service error</msg><sub_code>isv.logistics-update-company-or-mailno-error:P07</sub_code><sub_msg>未作修改</sub_msg><request_id>16ceiio8e1s7s</request_id></error_response><!--top010179171028.s.et2-->
2015-06-16 16:06:35	<?xml version="1.0" encoding="utf-8" ?><error_response><code>15</code><msg>Remote service error</msg><sub_code>isv.logistics-update-company-or-mailno-error:P07</sub_code><sub_msg>未作修改</sub_msg><request_id>12kbiiyxz17vb</request_id></error_response><!--top010178206040.n.et2-->
2015-06-16 16:06:38	<?xml version="1.0" encoding="utf-8" ?><error_response><code>15</code><msg>Remote service error</msg><sub_code>isv.logistics-offline-service-error:AT0011</sub_code><request_id>12kbiiyy0y5s0</request_id></error_response><!--top010178206040.n.et2-->
2015-06-16 16:06:51	<?xml version="1.0" encoding="utf-8" ?><error_response><code>15</code><msg>Remote service error</msg><sub_code>isv.logistics-update-company-or-mailno-error:P07</sub_code><sub_msg>未作修改</sub_msg><request_id>15pz829ms0zws</request_id></error_response><!--top010179134179.s.et2-->
2015-06-16 16:31:06	<?xml version="1.0" encoding="utf-8" ?><error_response><code>15</code><msg>Remote service error</msg><sub_code>isv.logistics-update-company-or-mailno-error:P07</sub_code><sub_msg>未作修改</sub_msg><request_id>ze2bqlct7rkh</request_id></error_response><!--top010178020165.n.et2-->
2015-06-16 16:31:12	<?xml version="1.0" encoding="utf-8" ?><error_response><code>15</code><msg>Remote service error</msg><sub_code>isv.logistics-update-company-or-mailno-error:P07</sub_code><sub_msg>未作修改</sub_msg><request_id>ztb9c3anmh8b</request_id></error_response><!--top010178045103.n.et2-->
2015-06-16 16:31:13	<?xml version="1.0" encoding="utf-8" ?><error_response><code>15</code><msg>Remote service error</msg><sub_code>isv.logistics-update-company-or-mailno-error:P07</sub_code><sub_msg>未作修改</sub_msg><request_id>10wjv6edyglxq</request_id></error_response><!--top010178109029.n.et2-->
2015-06-16 16:45:38	<?xml version="1.0" encoding="utf-8" ?><error_response><code>15</code><msg>Remote service error</msg><sub_code>isv.logistics-update-company-or-mailno-error:P07</sub_code><sub_msg>未作修改</sub_msg><request_id>ze2bqlrky7a3</request_id></error_response><!--top010178020165.n.et2-->
2015-06-16 16:45:58	<?xml version="1.0" encoding="utf-8" ?><error_response><code>15</code><msg>Remote service error</msg><sub_code>isv.logistics-update-company-or-mailno-error:P07</sub_code><sub_msg>未作修改</sub_msg><request_id>ze2hz3ii2uet</request_id></error_response><!--top010178020167.n.et2-->
2015-06-16 17:12:39	<?xml version="1.0" encoding="utf-8" ?><error_response><code>15</code><msg>Remote service error</msg><sub_code>isv.logistics-offline-service-error:AT0011</sub_code><request_id>10wcbwzx9rdje</request_id></error_response><!--top010178108198.n.et2-->
2015-06-16 18:12:13	<?xml version="1.0" encoding="utf-8" ?><error_response><code>15</code><msg>Remote service error</msg><sub_code>isv.logistics-update-company-or-mailno-error:P07</sub_code><sub_msg>未作修改</sub_msg><request_id>16ceiisdmcas9</request_id></error_response><!--top010179171028.s.et2-->
2015-06-16 18:16:00	<?xml version="1.0" encoding="utf-8" ?><error_response><code>15</code><msg>Remote service error</msg><sub_code>isv.logistics-update-company-or-mailno-error:P07</sub_code><sub_msg>未作修改</sub_msg><request_id>101zeg3e1guky</request_id></error_response><!--top010178059123.n.et2-->
2015-06-16 18:25:35	<?xml version="1.0" encoding="utf-8" ?><error_response><code>15</code><msg>Remote service error</msg><sub_code>isv.logistics-update-company-or-mailno-error:P07</sub_code><sub_msg>未作修改</sub_msg><request_id>12kbij2v7u8i5</request_id></error_response><!--top010178206040.n.et2-->
