2015-05-19 11:25:35	<?xml version="1.0" encoding="utf-8" ?><error_response><code>520</code><msg>Remote service error</msg><sub_code>isp.trade-service-unavailable</sub_code><sub_msg>交易服务不可用</sub_msg><request_id>10wch9ltu0cwg</request_id></error_response><!--top010178108200.n.et2-->
2015-05-19 14:46:33	<?xml version="1.0" encoding="utf-8" ?><error_response><code>15</code><msg>Remote service error</msg><sub_code>isv.logistics-offline-service-error:ORDER_NOT_FOUND_ERROR</sub_code><request_id>zt8zdzp8vwyx</request_id></error_response><!--top010178045077.n.et2-->
2015-05-19 14:46:34	<?xml version="1.0" encoding="utf-8" ?><error_response><code>15</code><msg>Remote service error</msg><sub_code>isv.logistics-offline-service-error:ORDER_NOT_FOUND_ERROR</sub_code><request_id>ztapqx3747lg</request_id></error_response><!--top010178045097.n.et2-->
2015-05-19 14:54:45	<?xml version="1.0" encoding="utf-8" ?><error_response><code>15</code><msg>Remote service error</msg><sub_code>isv.trade-not-exist</sub_code><sub_msg>订单不存在：1058523374169124</sub_msg><request_id>15pyi8mlrtf7v</request_id></error_response><!--top010179134171.s.et2-->
2015-05-19 15:36:52	<?xml version="1.0" encoding="utf-8" ?><error_response><code>15</code><msg>Remote service error</msg><sub_code>isv.logistics-update-company-or-mailno-error:P07</sub_code><sub_msg>未作修改</sub_msg><request_id>15py2nfg2xirx</request_id></error_response><!--top010179134166.s.et2-->
2015-05-19 15:36:56	<?xml version="1.0" encoding="utf-8" ?><error_response><code>15</code><msg>Remote service error</msg><sub_code>isv.logistics-offline-service-error:B04</sub_code><request_id>14765223j3c9y</request_id></error_response><!--top010179045182.s.et2-->
2015-05-19 16:00:23	<?xml version="1.0" encoding="utf-8" ?><error_response><code>15</code><msg>Remote service error</msg><sub_code>isv.logistics-update-company-or-mailno-error:P07</sub_code><sub_msg>未作修改</sub_msg><request_id>16cf9pafyxjq3</request_id></error_response><!--top010179171037.s.et2-->
2015-05-19 16:16:58	<?xml version="1.0" encoding="utf-8" ?><error_response><code>15</code><msg>Remote service error</msg><sub_code>isv.logistics-offline-service-error:B04</sub_code><request_id>10fin6gyar5gm</request_id></error_response><!--top010178081117.n.et2-->
2015-05-19 16:17:01	<?xml version="1.0" encoding="utf-8" ?><error_response><code>15</code><msg>Remote service error</msg><sub_code>isv.logistics-update-company-or-mailno-error:P07</sub_code><sub_msg>未作修改</sub_msg><request_id>zioog8xvkma9</request_id></error_response><!--top010178028038.n.et2-->
2015-05-19 16:17:03	<?xml version="1.0" encoding="utf-8" ?><error_response><code>15</code><msg>Remote service error</msg><sub_code>isp.top-remote-connection-timeout</sub_code><request_id>10wc1olpf7puu</request_id></error_response><!--top010178108195.n.et2-->
2015-05-19 16:17:03	<?xml version="1.0" encoding="utf-8" ?><error_response><code>15</code><msg>Remote service error</msg><sub_code>isp.top-remote-connection-timeout</sub_code><request_id>ztb27z48htlf</request_id></error_response><!--top010178045101.n.et2-->
2015-05-19 16:17:13	<?xml version="1.0" encoding="utf-8" ?><error_response><code>15</code><msg>Remote service error</msg><sub_code>isv.logistics-update-company-or-mailno-error:P07</sub_code><sub_msg>未作修改</sub_msg><request_id>16cebelcthrph</request_id></error_response><!--top010179171026.s.et2-->
2015-05-19 16:17:33	<?xml version="1.0" encoding="utf-8" ?><error_response><code>15</code><msg>Remote service error</msg><sub_code>isp.top-remote-connection-timeout</sub_code><request_id>15q05hdggp9q1</request_id></error_response><!--top010179134190.s.et2-->
2015-05-19 16:17:39	<?xml version="1.0" encoding="utf-8" ?><error_response><code>15</code><msg>Remote service error</msg><sub_code>isv.logistics-update-company-or-mailno-error:P07</sub_code><sub_msg>未作修改</sub_msg><request_id>16cffxso3su9d</request_id></error_response><!--top010179171039.s.et2-->
2015-05-19 16:17:42	<?xml version="1.0" encoding="utf-8" ?><error_response><code>15</code><msg>Remote service error</msg><sub_code>isv.logistics-update-company-or-mailno-error:P07</sub_code><sub_msg>未作修改</sub_msg><request_id>zt9i3jhne9ad</request_id></error_response><!--top010178045083.n.et2-->
2015-05-19 16:17:53	<?xml version="1.0" encoding="utf-8" ?><error_response><code>15</code><msg>Remote service error</msg><sub_code>isp.top-remote-connection-timeout</sub_code><request_id>zt9l7sd1kpyy</request_id></error_response><!--top010178045084.n.et2-->
2015-05-19 16:18:11	<?xml version="1.0" encoding="utf-8" ?><error_response><code>15</code><msg>Remote service error</msg><sub_code>isv.logistics-update-company-or-mailno-error:P07</sub_code><sub_msg>未作修改</sub_msg><request_id>15pyc077yp80a</request_id></error_response><!--top010179134169.s.et2-->
2015-05-19 16:18:12	<?xml version="1.0" encoding="utf-8" ?><error_response><code>15</code><msg>Remote service error</msg><sub_code>isv.logistics-update-company-or-mailno-error:P07</sub_code><sub_msg>未作修改</sub_msg><request_id>10fjicxoj06x4</request_id></error_response><!--top010178081127.n.et2-->
2015-05-19 16:18:14	<?xml version="1.0" encoding="utf-8" ?><error_response><code>15</code><msg>Remote service error</msg><sub_code>isv.logistics-update-company-or-mailno-error:P07</sub_code><sub_msg>未作修改</sub_msg><request_id>14sq5xkmvp89i</request_id></error_response><!--top010179080182.s.et2-->
2015-05-19 16:18:19	<?xml version="1.0" encoding="utf-8" ?><error_response><code>15</code><msg>Remote service error</msg><sub_code>isp.top-remote-connection-timeout</sub_code><request_id>15q8gt0xpe7l7</request_id></error_response><!--top010179135030.s.et2-->
2015-05-19 16:18:32	<?xml version="1.0" encoding="utf-8" ?><error_response><code>15</code><msg>Remote service error</msg><sub_code>isv.logistics-update-company-or-mailno-error:P07</sub_code><sub_msg>未作修改</sub_msg><request_id>10wc7x3hm184z</request_id></error_response><!--top010178108197.n.et2-->
2015-05-19 16:18:40	<?xml version="1.0" encoding="utf-8" ?><error_response><code>15</code><msg>Remote service error</msg><sub_code>isp.top-remote-connection-timeout</sub_code><request_id>1475ytlj8w8j7</request_id></error_response><!--top010179045180.s.et2-->
2015-05-19 16:18:40	<?xml version="1.0" encoding="utf-8" ?><error_response><code>15</code><msg>Remote service error</msg><sub_code>isp.top-remote-connection-timeout</sub_code><request_id>16cenvkvdqv4w</request_id></error_response><!--top010179171030.s.et2-->
2015-05-19 16:18:41	<?xml version="1.0" encoding="utf-8" ?><error_response><code>15</code><msg>Remote service error</msg><sub_code>isp.top-remote-connection-timeout</sub_code><request_id>10fizngh5e4hq</request_id></error_response><!--top010178081121.n.et2-->
2015-05-19 16:18:43	<?xml version="1.0" encoding="utf-8" ?><error_response><code>15</code><msg>Remote service error</msg><sub_code>isp.top-remote-connection-timeout</sub_code><request_id>15pyi8oz04bo2</request_id></error_response><!--top010179134171.s.et2-->
2015-05-19 16:19:03	<?xml version="1.0" encoding="utf-8" ?><error_response><code>15</code><msg>Remote service error</msg><sub_code>isv.logistics-update-company-or-mailno-error:P07</sub_code><sub_msg>未作修改</sub_msg><request_id>ztaa5rcomu1o</request_id></error_response><!--top010178045092.n.et2-->
2015-05-19 16:40:33	<?xml version="1.0" encoding="utf-8" ?><error_response><code>15</code><msg>Remote service error</msg><sub_code>isv.logistics-update-company-or-mailno-error:P07</sub_code><sub_msg>未作修改</sub_msg><request_id>101zag5secaws</request_id></error_response><!--top010178059122.n.et2-->
2015-05-19 16:49:42	<?xml version="1.0" encoding="utf-8" ?><error_response><code>15</code><msg>Remote service error</msg><sub_code>isv.logistics-update-company-or-mailno-error:P07</sub_code><sub_msg>未作修改</sub_msg><request_id>101zgonsaat0q</request_id></error_response><!--top010178059124.n.et2-->
2015-05-19 16:50:13	<?xml version="1.0" encoding="utf-8" ?><error_response><code>15</code><msg>Remote service error</msg><sub_code>isv.logistics-update-company-or-mailno-error:P07</sub_code><sub_msg>未作修改</sub_msg><request_id>12ckyb2b4qyju</request_id></error_response><!--top010178193152.n.et2-->
2015-05-19 16:50:29	<?xml version="1.0" encoding="utf-8" ?><error_response><code>15</code><msg>Remote service error</msg><sub_code>isv.logistics-update-company-or-mailno-error:P07</sub_code><sub_msg>未作修改</sub_msg><request_id>14sq91uey58so</request_id></error_response><!--top010179080183.s.et2-->
2015-05-19 16:54:16	<?xml version="1.0" encoding="utf-8" ?><error_response><code>15</code><msg>Remote service error</msg><sub_code>isv.logistics-offline-service-error:B04</sub_code><request_id>101yuuxtu9cts</request_id></error_response><!--top010178059117.n.et2-->
2015-05-19 17:01:24	<?xml version="1.0" encoding="utf-8" ?><error_response><code>15</code><msg>Remote service error</msg><sub_code>isv.logistics-update-company-or-mailno-error:P07</sub_code><sub_msg>未作修改</sub_msg><request_id>rp75iek17nvn</request_id></error_response><!--top010176083028.n.et2-->
2015-05-19 17:01:36	<?xml version="1.0" encoding="utf-8" ?><error_response><code>15</code><msg>Remote service error</msg><sub_code>isv.logistics-update-company-or-mailno-error:P07</sub_code><sub_msg>未作修改</sub_msg><request_id>16cenvm338jjo</request_id></error_response><!--top010179171030.s.et2-->
2015-05-19 17:02:09	<?xml version="1.0" encoding="utf-8" ?><error_response><code>15</code><msg>Remote service error</msg><sub_code>isv.logistics-update-company-or-mailno-error:P07</sub_code><sub_msg>未作修改</sub_msg><request_id>101z47onqoljf</request_id></error_response><!--top010178059120.n.et2-->
2015-05-19 17:02:23	<?xml version="1.0" encoding="utf-8" ?><error_response><code>15</code><msg>Remote service error</msg><sub_code>isv.logistics-update-company-or-mailno-error:P07</sub_code><sub_msg>未作修改</sub_msg><request_id>13yse3rp205q1</request_id></error_response><!--top010179032026.s.et2-->
2015-05-19 17:15:45	<?xml version="1.0" encoding="utf-8" ?><error_response><code>15</code><msg>Remote service error</msg><sub_code>isv.logistics-update-company-or-mailno-error:P07</sub_code><sub_msg>未作修改</sub_msg><request_id>zt95mlnfv00d</request_id></error_response><!--top010178045079.n.et2-->
2015-05-19 17:16:18	<?xml version="1.0" encoding="utf-8" ?><error_response><code>15</code><msg>Remote service error</msg><sub_code>isv.logistics-update-company-or-mailno-error:P07</sub_code><sub_msg>未作修改</sub_msg><request_id>14761xw179e8v</request_id></error_response><!--top010179045181.s.et2-->
2015-05-19 17:20:39	<?xml version="1.0" encoding="utf-8" ?><error_response><code>15</code><msg>Remote service error</msg><sub_code>isv.logistics-update-company-or-mailno-error:P07</sub_code><sub_msg>未作修改</sub_msg><request_id>10fkjrxvj4zz3</request_id></error_response><!--top010178081139.n.et2-->
2015-05-19 17:21:00	<?xml version="1.0" encoding="utf-8" ?><error_response><code>15</code><msg>Remote service error</msg><sub_code>isv.logistics-update-company-or-mailno-error:P07</sub_code><sub_msg>未作修改</sub_msg><request_id>14sq5xmenvaag</request_id></error_response><!--top010179080182.s.et2-->
2015-05-19 17:21:02	<?xml version="1.0" encoding="utf-8" ?><error_response><code>15</code><msg>Remote service error</msg><sub_code>isv.logistics-offline-service-error:B04</sub_code><request_id>zt8w9v6xip7r</request_id></error_response><!--top010178045076.n.et2-->
2015-05-19 17:30:24	<?xml version="1.0" encoding="utf-8" ?><error_response><code>15</code><msg>Remote service error</msg><sub_code>isv.logistics-update-company-or-mailno-error:P07</sub_code><sub_msg>未作修改</sub_msg><request_id>rp7o7wl9pabo</request_id></error_response><!--top010176083034.n.et2-->
2015-05-19 17:30:46	<?xml version="1.0" encoding="utf-8" ?><error_response><code>15</code><msg>Remote service error</msg><sub_code>isv.logistics-update-company-or-mailno-error:P07</sub_code><sub_msg>未作修改</sub_msg><request_id>13ykxylqe8lc8</request_id></error_response><!--top010179031196.s.et2-->
2015-05-19 17:35:40	<?xml version="1.0" encoding="utf-8" ?><error_response><code>15</code><msg>Remote service error</msg><sub_code>isv.logistics-update-company-or-mailno-error:P07</sub_code><sub_msg>未作修改</sub_msg><request_id>ze21iaj5rk4g</request_id></error_response><!--top010178020162.n.et2-->
2015-05-19 17:35:48	<?xml version="1.0" encoding="utf-8" ?><error_response><code>15</code><msg>Remote service error</msg><sub_code>isv.logistics-update-company-or-mailno-error:P07</sub_code><sub_msg>未作修改</sub_msg><request_id>zt8t5mqmkhx6</request_id></error_response><!--top010178045075.n.et2-->
2015-05-19 17:40:39	<?xml version="1.0" encoding="utf-8" ?><error_response><code>15</code><msg>Remote service error</msg><sub_code>isv.logistics-update-company-or-mailno-error:P07</sub_code><sub_msg>未作修改</sub_msg><request_id>14sqfadkiz19g</request_id></error_response><!--top010179080185.s.et2-->
2015-05-19 17:41:29	<?xml version="1.0" encoding="utf-8" ?><error_response><code>15</code><msg>Remote service error</msg><sub_code>isv.logistics-update-company-or-mailno-error:P07</sub_code><sub_msg>未作修改</sub_msg><request_id>15pz76q9kmnhe</request_id></error_response><!--top010179134179.s.et2-->
2015-05-19 17:47:05	<?xml version="1.0" encoding="utf-8" ?><error_response><code>15</code><msg>Remote service error</msg><sub_code>isv.logistics-update-company-or-mailno-error:P07</sub_code><sub_msg>未作修改</sub_msg><request_id>16cfctmbougtl</request_id></error_response><!--top010179171038.s.et2-->
2015-05-19 18:33:21	<?xml version="1.0" encoding="utf-8" ?><error_response><code>15</code><msg>Remote service error</msg><sub_code>isv.logistics-update-company-or-mailno-error:P07</sub_code><sub_msg>未作修改</sub_msg><request_id>13ysngkvdgjin</request_id></error_response><!--top010179032029.s.et2-->
2015-05-19 18:33:47	<?xml version="1.0" encoding="utf-8" ?><error_response><code>15</code><msg>Remote service error</msg><sub_code>isv.logistics-update-company-or-mailno-error:P07</sub_code><sub_msg>未作修改</sub_msg><request_id>15pzms036se2z</request_id></error_response><!--top010179134184.s.et2-->
