2015-07-02 09:41:31	<?xml version="1.0" encoding="utf-8" ?><error_response><code>15</code><msg>Remote service error</msg><sub_code>isv.logistics-update-company-or-mailno-error:P07</sub_code><sub_msg>未作修改</sub_msg><request_id>10cgrv6xjwhly</request_id></error_response><!--top010178076129.n.et2-->
2015-07-02 10:46:47	<?xml version="1.0" encoding="utf-8" ?><error_response><code>15</code><msg>Remote service error</msg><sub_code>isv.logistics-update-company-or-mailno-error:P07</sub_code><sub_msg>未作修改</sub_msg><request_id>10wjj77hv2pz2</request_id></error_response><!--top010178109026.n.et2-->
2015-07-02 10:47:43	<?xml version="1.0" encoding="utf-8" ?><error_response><code>15</code><msg>Remote service error</msg><sub_code>isv.logistics-update-company-or-mailno-error:P07</sub_code><sub_msg>未作修改</sub_msg><request_id>r4ky0e10v5xc</request_id></error_response><!--top010176049163.et2-->
2015-07-02 10:48:44	<?xml version="1.0" encoding="utf-8" ?><error_response><code>15</code><msg>Remote service error</msg><sub_code>isv.logistics-offline-service-error:AT0011</sub_code><request_id>r4kljekvo82t</request_id></error_response><!--top010176049159.et2-->
2015-07-02 10:50:45	<?xml version="1.0" encoding="utf-8" ?><error_response><code>15</code><msg>Remote service error</msg><sub_code>isv.logistics-update-company-or-mailno-error:P07</sub_code><sub_msg>未作修改</sub_msg><request_id>r4lahdlar1gc</request_id></error_response><!--top010176049167.et2-->
2015-07-02 10:52:57	<?xml version="1.0" encoding="utf-8" ?><error_response><code>15</code><msg>Remote service error</msg><sub_code>isv.logistics-update-company-or-mailno-error:P07</sub_code><sub_msg>未作修改</sub_msg><request_id>1475hhjh139f4</request_id></error_response><!--top010179045175.s.et2-->
2015-07-02 11:08:32	<?xml version="1.0" encoding="utf-8" ?><error_response><code>15</code><msg>Remote service error</msg><sub_code>isv.logistics-offline-service-error:B60</sub_code><sub_msg>运单号不符合规则或已经被使用</sub_msg><request_id>1476s98ybd0xp</request_id></error_response><!--top010179045190.s.et2-->
2015-07-02 11:58:58	<?xml version="1.0" encoding="utf-8" ?><error_response><code>15</code><msg>Remote service error</msg><sub_code>isv.logistics-update-company-or-mailno-error:P07</sub_code><sub_msg>未作修改</sub_msg><request_id>1475quby03lhj</request_id></error_response><!--top010179045178.s.et2-->
2015-07-02 12:00:49	<?xml version="1.0" encoding="utf-8" ?><error_response><code>15</code><msg>Remote service error</msg><sub_code>isv.logistics-offline-service-error:AT0011</sub_code><request_id>12jrs4o3p2pcy</request_id></error_response><!--top010178205069.n.et2-->
2015-07-02 12:01:54	<?xml version="1.0" encoding="utf-8" ?><error_response><code>15</code><msg>Remote service error</msg><sub_code>isv.logistics-update-company-or-mailno-error:P07</sub_code><sub_msg>未作修改</sub_msg><request_id>qm3v8kdxbtbw</request_id></error_response><!--top010176019164.et2-->
2015-07-02 12:01:59	<?xml version="1.0" encoding="utf-8" ?><error_response><code>15</code><msg>Remote service error</msg><sub_code>isv.logistics-update-company-or-mailno-error:P07</sub_code><sub_msg>未作修改</sub_msg><request_id>r4kljgnaz2bs</request_id></error_response><!--top010176049159.et2-->
2015-07-02 14:00:06	<?xml version="1.0" encoding="utf-8" ?><error_response><code>15</code><msg>Remote service error</msg><sub_code>isv.logistics-update-company-or-mailno-error:P07</sub_code><sub_msg>未作修改</sub_msg><request_id>10fcmaskwle81</request_id></error_response><!--top010178081048.n.et2-->
2015-07-02 14:08:44	<?xml version="1.0" encoding="utf-8" ?><error_response><code>15</code><msg>Remote service error</msg><sub_code>isp.top-remote-connection-timeout</sub_code><request_id>zmzhm36v2ptl</request_id></error_response><!--top010178035034.n.et2-->
2015-07-02 15:48:38	<?xml version="1.0" encoding="utf-8" ?><error_response><code>15</code><msg>Remote service error</msg><sub_code>isv.logistics-update-company-or-mailno-error:P07</sub_code><sub_msg>未作修改</sub_msg><request_id>15pymqlc9fn2b</request_id></error_response><!--top010179134173.s.et2-->
2015-07-02 17:14:35	<?xml version="1.0" encoding="utf-8" ?><error_response><code>15</code><msg>Remote service error</msg><sub_code>isv.logistics-offline-service-error:AT0011</sub_code><request_id>10fjzbvyqeix5</request_id></error_response><!--top010178081133.n.et2-->
2015-07-02 17:14:37	<?xml version="1.0" encoding="utf-8" ?><error_response><code>15</code><msg>Remote service error</msg><sub_code>isv.logistics-offline-service-error:AT0011</sub_code><request_id>zq88mcbm8e8n</request_id></error_response><!--top010178040102.n.et2-->
2015-07-02 19:48:28	<?xml version="1.0" encoding="utf-8" ?><error_response><code>15</code><msg>Remote service error</msg><sub_code>isv.logistics-update-company-or-mailno-error:P07</sub_code><sub_msg>未作修改</sub_msg><request_id>10fixx1vjb3rp</request_id></error_response><!--top010178081121.n.et2-->
2015-07-02 20:12:51	<?xml version="1.0" encoding="utf-8" ?><error_response><code>15</code><msg>Remote service error</msg><sub_code>isv.logistics-update-company-or-mailno-error:P07</sub_code><sub_msg>未作修改</sub_msg><request_id>13yk45xyjwdmk</request_id></error_response><!--top010179031187.s.et2-->
2015-07-02 21:03:40	<?xml version="1.0" encoding="utf-8" ?><error_response><code>15</code><msg>Remote service error</msg><sub_code>isv.logistics-update-company-or-mailno-error:P06</sub_code><sub_msg>当前订单状态不支持修改</sub_msg><request_id>15q09ziqzprin</request_id></error_response><!--top010179134192.s.et2-->
2015-07-02 21:04:13	<?xml version="1.0" encoding="utf-8" ?><error_response><code>15</code><msg>Remote service error</msg><sub_code>isv.logistics-update-company-or-mailno-error:P06</sub_code><sub_msg>当前订单状态不支持修改</sub_msg><request_id>qm3lw933s58h</request_id></error_response><!--top010176019161.et2-->
2015-07-02 21:04:17	<?xml version="1.0" encoding="utf-8" ?><error_response><code>15</code><msg>Remote service error</msg><sub_code>isv.logistics-update-company-or-mailno-error:P06</sub_code><sub_msg>当前订单状态不支持修改</sub_msg><request_id>10fjdicd1q68r</request_id></error_response><!--top010178081126.n.et2-->
2015-07-02 21:05:30	<?xml version="1.0" encoding="utf-8" ?><error_response><code>15</code><msg>Remote service error</msg><sub_code>isv.logistics-update-company-or-mailno-error:P06</sub_code><sub_msg>当前订单状态不支持修改</sub_msg><request_id>10fc9u53ytxm3</request_id></error_response><!--top010178081044.n.et2-->
2015-07-02 21:05:36	<?xml version="1.0" encoding="utf-8" ?><error_response><code>15</code><msg>Remote service error</msg><sub_code>isv.logistics-update-company-or-mailno-error:P06</sub_code><sub_msg>当前订单状态不支持修改</sub_msg><request_id>10fcg2muo575g</request_id></error_response><!--top010178081046.n.et2-->
