2015-06-19 06:25:02	{"error_response":{"code":29,"msg":"Invalid app Key","sub_code":"isv.appkey-not-exists","request_id":"ztaqpiwj4mj8"}}
2015-06-19 08:30:03	{"error_response":{"code":29,"msg":"Invalid app Key","sub_code":"isv.appkey-not-exists","request_id":"101yvtjkfwh4c"}}
2015-06-19 08:30:09	{"error_response":{"code":29,"msg":"Invalid app Key","sub_code":"isv.appkey-not-exists","request_id":"zddk352v4iuh"}}
2015-06-19 09:30:02	{"error_response":{"code":29,"msg":"Invalid app Key","sub_code":"isv.appkey-not-exists","request_id":"16celq0fwhhst"}}
2015-06-19 10:30:02	{"error_response":{"code":29,"msg":"Invalid app Key","sub_code":"isv.appkey-not-exists","request_id":"1475zsbo15tgs"}}
2015-06-19 10:50:03	{"error_response":{"code":29,"msg":"Invalid app Key","sub_code":"isv.appkey-not-exists","request_id":"10wjlws2zccse"}}
2015-06-19 11:00:03	{"error_response":{"code":29,"msg":"Invalid app Key","sub_code":"isv.appkey-not-exists","request_id":"zqcaqy8guz87"}}
2015-06-19 11:00:14	{"error_response":{"code":29,"msg":"Invalid app Key","sub_code":"isv.appkey-not-exists","request_id":"12lp231hx54zs"}}
2015-06-19 11:00:27	{"error_response":{"code":29,"msg":"Invalid app Key","sub_code":"isv.appkey-not-exists","request_id":"15q8o09oc2p1q"}}
2015-06-19 11:30:02	{"error_response":{"code":29,"msg":"Invalid app Key","sub_code":"isv.appkey-not-exists","request_id":"ze28phx61d5y"}}
2015-06-19 11:30:08	{"error_response":{"code":29,"msg":"Invalid app Key","sub_code":"isv.appkey-not-exists","request_id":"101z8ao4m58ko"}}
2015-06-19 11:50:03	{"error_response":{"code":29,"msg":"Invalid app Key","sub_code":"isv.appkey-not-exists","request_id":"10fddy8cxhwr1"}}
2015-06-19 12:00:03	{"error_response":{"code":29,"msg":"Invalid app Key","sub_code":"isv.appkey-not-exists","request_id":"10wcf4dwhu9ve"}}
2015-06-19 12:30:02	{"error_response":{"code":29,"msg":"Invalid app Key","sub_code":"isv.appkey-not-exists","request_id":"ztab4kux71ww"}}
2015-06-19 13:00:03	{"error_response":{"code":29,"msg":"Invalid app Key","sub_code":"isv.appkey-not-exists","request_id":"10fjvsrjb0ae8"}}
2015-06-19 13:30:02	{"error_response":{"code":29,"msg":"Invalid app Key","sub_code":"isv.appkey-not-exists","request_id":"ze2ey31p0o15"}}
2015-06-19 14:30:04	{"error_response":{"code":29,"msg":"Invalid app Key","sub_code":"isv.appkey-not-exists","request_id":"zq93dzzw6wwx"}}
2015-06-19 14:30:10	{"error_response":{"code":29,"msg":"Invalid app Key","sub_code":"isv.appkey-not-exists","request_id":"15py6qmejynhb"}}
2015-06-19 15:00:02	{"error_response":{"code":29,"msg":"Invalid app Key","sub_code":"isv.appkey-not-exists","request_id":"10fj9z4u5lt7v"}}
2015-06-19 15:30:02	{"error_response":{"code":29,"msg":"Invalid app Key","sub_code":"isv.appkey-not-exists","request_id":"15q8u8z0v4t1f"}}
2015-06-19 15:30:08	{"error_response":{"code":29,"msg":"Invalid app Key","sub_code":"isv.appkey-not-exists","request_id":"10fclw6qwkd27"}}
2015-06-19 15:30:14	{"error_response":{"code":29,"msg":"Invalid app Key","sub_code":"isv.appkey-not-exists","request_id":"ztatu75t95il"}}
2015-06-19 15:30:21	{"error_response":{"code":29,"msg":"Invalid app Key","sub_code":"isv.appkey-not-exists","request_id":"zddgz82j122j"}}
2015-06-19 15:30:27	{"error_response":{"code":29,"msg":"Invalid app Key","sub_code":"isv.appkey-not-exists","request_id":"zq8eg2qvnsp5"}}
2015-06-19 15:50:03	{"error_response":{"code":29,"msg":"Invalid app Key","sub_code":"isv.appkey-not-exists","request_id":"15pztzd6cmxi9"}}
2015-06-19 16:00:03	{"error_response":{"code":29,"msg":"Invalid app Key","sub_code":"isv.appkey-not-exists","request_id":"147695bl8vm82"}}
2015-06-19 16:25:02	{"error_response":{"code":29,"msg":"Invalid app Key","sub_code":"isv.appkey-not-exists","request_id":"1476uz2dpqwku"}}
2015-06-19 16:25:02	{"error_response":{"code":29,"msg":"Invalid app Key","sub_code":"isv.appkey-not-exists","request_id":"zt9j2jo1ewsq"}}
2015-06-19 16:25:08	{"error_response":{"code":29,"msg":"Invalid app Key","sub_code":"isv.appkey-not-exists","request_id":"zta4w9r7uc9b"}}
2015-06-19 16:30:02	{"error_response":{"code":29,"msg":"Invalid app Key","sub_code":"isv.appkey-not-exists","request_id":"zqduvn745m7i"}}
2015-06-19 16:30:09	{"error_response":{"code":29,"msg":"Invalid app Key","sub_code":"isv.appkey-not-exists","request_id":"10fcfnqpa9b9d"}}
2015-06-19 16:50:02	{"error_response":{"code":29,"msg":"Invalid app Key","sub_code":"isv.appkey-not-exists","request_id":"15q7z2kl6jrax"}}
2015-06-19 17:00:03	{"error_response":{"code":29,"msg":"Invalid app Key","sub_code":"isv.appkey-not-exists","request_id":"zddgzaloatgc"}}
2015-06-19 17:25:07	{"error_response":{"code":29,"msg":"Invalid app Key","sub_code":"isv.appkey-not-exists","request_id":"15q9mba3h3rfm"}}
2015-06-19 17:50:03	{"error_response":{"code":29,"msg":"Invalid app Key","sub_code":"isv.appkey-not-exists","request_id":"zddn7tr2kej3"}}
2015-06-19 17:50:09	{"error_response":{"code":29,"msg":"Invalid app Key","sub_code":"isv.appkey-not-exists","request_id":"zq7d1899u2oh"}}
2015-06-19 18:25:02	{"error_response":{"code":29,"msg":"Invalid app Key","sub_code":"isv.appkey-not-exists","request_id":"10fjpkiyxumb2"}}
2015-06-19 21:50:02	{"error_response":{"code":29,"msg":"Invalid app Key","sub_code":"isv.appkey-not-exists","request_id":"10fio5qbojemg"}}
2015-06-19 23:00:02	{"error_response":{"code":29,"msg":"Invalid app Key","sub_code":"isv.appkey-not-exists","request_id":"ze25lsiztcjz"}}
2015-06-19 23:25:02	{"error_response":{"code":29,"msg":"Invalid app Key","sub_code":"isv.appkey-not-exists","request_id":"zq7me8bfyj31"}}
