2015-05-20 09:07:02	<?xml version="1.0" encoding="utf-8" ?><error_response><code>15</code><msg>Remote service error</msg><sub_code>isv.logistics-offline-service-error:ORDER_NOT_FOUND_ERROR</sub_code><request_id>zt95nci1t9gl</request_id></error_response><!--top010178045079.n.et2-->
2015-05-20 09:07:02	<?xml version="1.0" encoding="utf-8" ?><error_response><code>15</code><msg>Remote service error</msg><sub_code>isv.logistics-offline-service-error:ORDER_NOT_FOUND_ERROR</sub_code><request_id>10fizo8xtu6x7</request_id></error_response><!--top010178081121.n.et2-->
2015-05-20 09:10:13	<?xml version="1.0" encoding="utf-8" ?><error_response><code>15</code><msg>Remote service error</msg><sub_code>isv.logistics-offline-service-error:ORDER_NOT_FOUND_ERROR</sub_code><request_id>rp7o8n487oof</request_id></error_response><!--top010176083034.n.et2-->
2015-05-20 09:10:13	<?xml version="1.0" encoding="utf-8" ?><error_response><code>15</code><msg>Remote service error</msg><sub_code>isv.logistics-offline-service-error:ORDER_NOT_FOUND_ERROR</sub_code><request_id>101yrrgi81yct</request_id></error_response><!--top010178059116.n.et2-->
2015-05-20 09:10:42	<?xml version="1.0" encoding="utf-8" ?><error_response><code>15</code><msg>Remote service error</msg><sub_code>isv.logistics-offline-service-error:ORDER_NOT_FOUND_ERROR</sub_code><request_id>15q02dx6pu2js</request_id></error_response><!--top010179134189.s.et2-->
2015-05-20 09:10:43	<?xml version="1.0" encoding="utf-8" ?><error_response><code>15</code><msg>Remote service error</msg><sub_code>isv.logistics-offline-service-error:ORDER_NOT_FOUND_ERROR</sub_code><request_id>13yu7lpa7dt0c</request_id></error_response><!--top010179032047.s.et2-->
2015-05-20 09:10:49	<?xml version="1.0" encoding="utf-8" ?><error_response><code>15</code><msg>Remote service error</msg><sub_code>isv.logistics-update-company-or-mailno-error:P07</sub_code><sub_msg>未作修改</sub_msg><request_id>13ykc5m6i8tu1</request_id></error_response><!--top010179031189.s.et2-->
2015-05-20 09:11:00	<?xml version="1.0" encoding="utf-8" ?><error_response><code>15</code><msg>Remote service error</msg><sub_code>isv.logistics-update-company-or-mailno-error:P07</sub_code><sub_msg>未作修改</sub_msg><request_id>10fhy9amazbri</request_id></error_response><!--top010178081109.n.et2-->
2015-05-20 09:11:11	<?xml version="1.0" encoding="utf-8" ?><error_response><code>15</code><msg>Remote service error</msg><sub_code>isv.logistics-update-company-or-mailno-error:P07</sub_code><sub_msg>未作修改</sub_msg><request_id>1476hjvbxwg78</request_id></error_response><!--top010179045186.s.et2-->
2015-05-20 09:22:45	<?xml version="1.0" encoding="utf-8" ?><error_response><code>15</code><msg>Remote service error</msg><sub_code>isv.logistics-offline-service-error:B04</sub_code><request_id>14pd9afxvo19p</request_id></error_response><!--top010179075066.s.et2-->
2015-05-20 09:22:58	<?xml version="1.0" encoding="utf-8" ?><error_response><code>15</code><msg>Remote service error</msg><sub_code>isv.logistics-update-company-or-mailno-error:P07</sub_code><sub_msg>未作修改</sub_msg><request_id>101yon7zvb55l</request_id></error_response><!--top010178059115.n.et2-->
2015-05-20 09:27:01	<?xml version="1.0" encoding="utf-8" ?><error_response><code>15</code><msg>Remote service error</msg><sub_code>isv.logistics-offline-service-error:B04</sub_code><request_id>16ceks5136kx0</request_id></error_response><!--top010179171029.s.et2-->
2015-05-20 09:27:12	<?xml version="1.0" encoding="utf-8" ?><error_response><code>15</code><msg>Remote service error</msg><sub_code>isv.logistics-offline-service-error:B04</sub_code><request_id>10fjlhzledp5u</request_id></error_response><!--top010178081128.n.et2-->
2015-05-20 09:30:19	<?xml version="1.0" encoding="utf-8" ?><error_response><code>15</code><msg>Remote service error</msg><sub_code>isv.logistics-update-company-or-mailno-error:P07</sub_code><sub_msg>未作修改</sub_msg><request_id>ze1s6avaojn6</request_id></error_response><!--top010178020159.n.et2-->
2015-05-20 09:30:50	<?xml version="1.0" encoding="utf-8" ?><error_response><code>15</code><msg>Remote service error</msg><sub_code>isv.logistics-offline-service-error:B04</sub_code><request_id>14pdfixwolvs5</request_id></error_response><!--top010179075068.s.et2-->
2015-05-20 09:51:13	<?xml version="1.0" encoding="utf-8" ?><error_response><code>15</code><msg>Remote service error</msg><sub_code>isv.logistics-offline-service-error:ORDER_NOT_FOUND_ERROR</sub_code><request_id>15q8jy3iya0w7</request_id></error_response><!--top010179135031.s.et2-->
2015-05-20 09:51:13	<?xml version="1.0" encoding="utf-8" ?><error_response><code>15</code><msg>Remote service error</msg><sub_code>isv.logistics-offline-service-error:ORDER_NOT_FOUND_ERROR</sub_code><request_id>13yt9b0v3s65i</request_id></error_response><!--top010179032036.s.et2-->
2015-05-20 09:51:19	<?xml version="1.0" encoding="utf-8" ?><error_response><code>15</code><msg>Remote service error</msg><sub_code>isv.logistics-offline-service-error:ORDER_NOT_FOUND_ERROR</sub_code><request_id>15q8q6l9ngyws</request_id></error_response><!--top010179135033.s.et2-->
2015-05-20 09:51:20	<?xml version="1.0" encoding="utf-8" ?><error_response><code>15</code><msg>Remote service error</msg><sub_code>isv.logistics-offline-service-error:ORDER_NOT_FOUND_ERROR</sub_code><request_id>15q87h41vmfzl</request_id></error_response><!--top010179135027.s.et2-->
2015-05-20 10:17:37	<?xml version="1.0" encoding="utf-8" ?><error_response><code>15</code><msg>Remote service error</msg><sub_code>isv.logistics-online-service-error:B04</sub_code><request_id>10fjom9vww6q0</request_id></error_response><!--top010178081129.n.et2-->
2015-05-20 10:17:42	<?xml version="1.0" encoding="utf-8" ?><error_response><code>15</code><msg>Remote service error</msg><sub_code>isv.logistics-online-service-error:B04</sub_code><request_id>ztapru56duw7</request_id></error_response><!--top010178045097.n.et2-->
2015-05-20 14:18:05	<?xml version="1.0" encoding="utf-8" ?><error_response><code>15</code><msg>Remote service error</msg><sub_code>isv.logistics-update-company-or-mailno-error:P07</sub_code><sub_msg>未作修改</sub_msg><request_id>13ylagkez3tyd</request_id></error_response><!--top010179031200.s.et2-->
2015-05-20 14:18:15	<?xml version="1.0" encoding="utf-8" ?><error_response><code>15</code><msg>Remote service error</msg><sub_code>B150</sub_code><sub_msg>通知交易异常</sub_msg><request_id>13ykieclhijlj</request_id></error_response><!--top010179031191.s.et2-->
2015-05-20 14:18:17	<?xml version="1.0" encoding="utf-8" ?><error_response><code>15</code><msg>Remote service error</msg><sub_code>isv.logistics-update-company-or-mailno-error:P07</sub_code><sub_msg>未作修改</sub_msg><request_id>16cebfmn5fi39</request_id></error_response><!--top010179171026.s.et2-->
2015-05-20 14:32:19	<?xml version="1.0" encoding="utf-8" ?><error_response><code>15</code><msg>Remote service error</msg><sub_code>isv.logistics-update-company-or-mailno-error:P07</sub_code><sub_msg>未作修改</sub_msg><request_id>15pyc18vl2sl6</request_id></error_response><!--top010179134169.s.et2-->
2015-05-20 14:33:03	<?xml version="1.0" encoding="utf-8" ?><error_response><code>15</code><msg>Remote service error</msg><sub_code>isv.trade-not-exist</sub_code><sub_msg>订单不存在：9362424877</sub_msg><request_id>1476bbmoe8ipg</request_id></error_response><!--top010179045184.s.et2-->
2015-05-20 15:07:48	<?xml version="1.0" encoding="utf-8" ?><error_response><code>15</code><msg>Remote service error</msg><sub_code>isv.logistics-update-company-or-mailno-error:P07</sub_code><sub_msg>未作修改</sub_msg><request_id>15pyuqr3ey7m4</request_id></error_response><!--top010179134175.s.et2-->
2015-05-20 15:07:50	<?xml version="1.0" encoding="utf-8" ?><error_response><code>15</code><msg>Remote service error</msg><sub_code>isv.logistics-update-company-or-mailno-error:P07</sub_code><sub_msg>未作修改</sub_msg><request_id>1475yuo6k07ff</request_id></error_response><!--top010179045180.s.et2-->
2015-05-20 15:28:48	<?xml version="1.0" encoding="utf-8" ?><error_response><code>15</code><msg>Remote service error</msg><sub_code>isv.logistics-update-company-or-mailno-error:P07</sub_code><sub_msg>未作修改</sub_msg><request_id>10fi1du5hhk86</request_id></error_response><!--top010178081110.n.et2-->
2015-05-20 15:32:15	<?xml version="1.0" encoding="utf-8" ?><error_response><code>15</code><msg>Remote service error</msg><sub_code>isv.logistics-update-company-or-mailno-error:P07</sub_code><sub_msg>未作修改</sub_msg><request_id>14761yxqno8l2</request_id></error_response><!--top010179045181.s.et2-->
2015-05-20 15:54:17	<?xml version="1.0" encoding="utf-8" ?><error_response><code>15</code><msg>Remote service error</msg><sub_code>isv.logistics-update-company-or-mailno-error:P07</sub_code><sub_msg>未作修改</sub_msg><request_id>12cl1ge8s97f3</request_id></error_response><!--top010178193153.n.et2-->
2015-05-20 16:05:35	<?xml version="1.0" encoding="utf-8" ?><error_response><code>15</code><msg>Remote service error</msg><sub_code>isv.logistics-update-company-or-mailno-error:P07</sub_code><sub_msg>未作修改</sub_msg><request_id>rp7rd7pkl1r1</request_id></error_response><!--top010176083035.n.et2-->
2015-05-20 18:00:27	<?xml version="1.0" encoding="utf-8" ?><error_response><code>15</code><msg>Remote service error</msg><sub_code>isv.logistics-update-company-or-mailno-error:P07</sub_code><sub_msg>未作修改</sub_msg><request_id>13ykuvicg4qug</request_id></error_response><!--top010179031195.s.et2-->
2015-05-20 19:22:26	<?xml version="1.0" encoding="utf-8" ?><error_response><code>27</code><msg>Invalid session</msg><sub_code>tim-system-error</sub_code><sub_msg>tim-system-error:tim-error</sub_msg><request_id>10fhy9rvhhmct</request_id></error_response><!--top010178081109.n.et2-->
2015-05-20 19:38:52	<?xml version="1.0" encoding="utf-8" ?><error_response><code>15</code><msg>Remote service error</msg><sub_code>isv.logistics-update-company-or-mailno-error:P07</sub_code><sub_msg>未作修改</sub_msg><request_id>zt9f0kxyc2wd</request_id></error_response><!--top010178045082.n.et2-->
2015-05-20 19:39:00	<?xml version="1.0" encoding="utf-8" ?><error_response><code>15</code><msg>Remote service error</msg><sub_code>isv.logistics-update-company-or-mailno-error:P07</sub_code><sub_msg>未作修改</sub_msg><request_id>12cks3tz8laxm</request_id></error_response><!--top010178193150.n.et2-->
